C:\USERS\ADMINISTRATOR\DOCUMENTS\VISUAL STUDIO 2010\PROJECTS\GS_UPDATEDATABASE\DEBUG\GS_UPDATEDATABASE.EXE
C:\USERS\ADMINISTRATOR\DOCUMENTS\VISUAL STUDIO 2010\PROJECTS\GS_UPDATEDATABASE\DEBUG\GS_UPDATEDATABASE.ILK
C:\USERS\ADMINISTRATOR\DOCUMENTS\VISUAL STUDIO 2010\PROJECTS\GS_UPDATEDATABASE\DEBUG\GS_UPDATEDATABASE.PDB
C:\USERS\ADMINISTRATOR\DOCUMENTS\VISUAL STUDIO 2010\PROJECTS\GS_UPDATEDATABASE\GS_UPDATEDATABASE\DEBUG\.NETFRAMEWORK,VERSION=V4.0.ASSEMBLYATTRIBUTES.OBJ
C:\USERS\ADMINISTRATOR\DOCUMENTS\VISUAL STUDIO 2010\PROJECTS\GS_UPDATEDATABASE\GS_UPDATEDATABASE\DEBUG\APP.RES
C:\USERS\ADMINISTRATOR\DOCUMENTS\VISUAL STUDIO 2010\PROJECTS\GS_UPDATEDATABASE\GS_UPDATEDATABASE\DEBUG\ASSEMBLYINFO.OBJ
C:\Users\Administrator\Documents\Visual Studio 2010\Projects\GS_UpdateDataBase\GS_UpdateDataBase\Debug\cl.command.1.tlog
C:\Users\Administrator\Documents\Visual Studio 2010\Projects\GS_UpdateDataBase\GS_UpdateDataBase\Debug\CL.read.1.tlog
C:\Users\Administrator\Documents\Visual Studio 2010\Projects\GS_UpdateDataBase\GS_UpdateDataBase\Debug\CL.write.1.tlog
C:\USERS\ADMINISTRATOR\DOCUMENTS\VISUAL STUDIO 2010\PROJECTS\GS_UPDATEDATABASE\GS_UPDATEDATABASE\DEBUG\GS_UPDATEDATABASE.EXE.INTERMEDIATE.MANIFEST
C:\Users\Administrator\Documents\Visual Studio 2010\Projects\GS_UpdateDataBase\GS_UpdateDataBase\Debug\GS_UpdateDataBase.Form1.resources
C:\USERS\ADMINISTRATOR\DOCUMENTS\VISUAL STUDIO 2010\PROJECTS\GS_UPDATEDATABASE\GS_UPDATEDATABASE\DEBUG\GS_UPDATEDATABASE.OBJ
C:\USERS\ADMINISTRATOR\DOCUMENTS\VISUAL STUDIO 2010\PROJECTS\GS_UPDATEDATABASE\GS_UPDATEDATABASE\DEBUG\GS_UPDATEDATABASE.PCH
C:\Users\Administrator\Documents\Visual Studio 2010\Projects\GS_UpdateDataBase\GS_UpdateDataBase\Debug\GS_UpdateDataBase.vcxproj.GenerateResource.Cache
C:\Users\Administrator\Documents\Visual Studio 2010\Projects\GS_UpdateDataBase\GS_UpdateDataBase\Debug\GS_UpdateDataBase.vcxprojResolveAssemblyReference.cache
C:\Users\Administrator\Documents\Visual Studio 2010\Projects\GS_UpdateDataBase\GS_UpdateDataBase\Debug\GS_UpdateDataBase.write.1.tlog
C:\Users\Administrator\Documents\Visual Studio 2010\Projects\GS_UpdateDataBase\GS_UpdateDataBase\Debug\link.1316.read.1.tlog
C:\Users\Administrator\Documents\Visual Studio 2010\Projects\GS_UpdateDataBase\GS_UpdateDataBase\Debug\link.1316.write.1.tlog
C:\Users\Administrator\Documents\Visual Studio 2010\Projects\GS_UpdateDataBase\GS_UpdateDataBase\Debug\link.1316-cvtres.read.1.tlog
C:\Users\Administrator\Documents\Visual Studio 2010\Projects\GS_UpdateDataBase\GS_UpdateDataBase\Debug\link.1316-cvtres.write.1.tlog
C:\Users\Administrator\Documents\Visual Studio 2010\Projects\GS_UpdateDataBase\GS_UpdateDataBase\Debug\link.1860.read.1.tlog
C:\Users\Administrator\Documents\Visual Studio 2010\Projects\GS_UpdateDataBase\GS_UpdateDataBase\Debug\link.1860.write.1.tlog
C:\Users\Administrator\Documents\Visual Studio 2010\Projects\GS_UpdateDataBase\GS_UpdateDataBase\Debug\link.1860-cvtres.read.1.tlog
C:\Users\Administrator\Documents\Visual Studio 2010\Projects\GS_UpdateDataBase\GS_UpdateDataBase\Debug\link.1860-cvtres.write.1.tlog
C:\Users\Administrator\Documents\Visual Studio 2010\Projects\GS_UpdateDataBase\GS_UpdateDataBase\Debug\link.1872.read.1.tlog
C:\Users\Administrator\Documents\Visual Studio 2010\Projects\GS_UpdateDataBase\GS_UpdateDataBase\Debug\link.1872.write.1.tlog
C:\Users\Administrator\Documents\Visual Studio 2010\Projects\GS_UpdateDataBase\GS_UpdateDataBase\Debug\link.1872-cvtres.read.1.tlog
C:\Users\Administrator\Documents\Visual Studio 2010\Projects\GS_UpdateDataBase\GS_UpdateDataBase\Debug\link.1872-cvtres.write.1.tlog
C:\Users\Administrator\Documents\Visual Studio 2010\Projects\GS_UpdateDataBase\GS_UpdateDataBase\Debug\link.1944.read.1.tlog
C:\Users\Administrator\Documents\Visual Studio 2010\Projects\GS_UpdateDataBase\GS_UpdateDataBase\Debug\link.1944.write.1.tlog
C:\Users\Administrator\Documents\Visual Studio 2010\Projects\GS_UpdateDataBase\GS_UpdateDataBase\Debug\link.1944-cvtres.read.1.tlog
C:\Users\Administrator\Documents\Visual Studio 2010\Projects\GS_UpdateDataBase\GS_UpdateDataBase\Debug\link.1944-cvtres.write.1.tlog
C:\Users\Administrator\Documents\Visual Studio 2010\Projects\GS_UpdateDataBase\GS_UpdateDataBase\Debug\link.1968.read.1.tlog
C:\Users\Administrator\Documents\Visual Studio 2010\Projects\GS_UpdateDataBase\GS_UpdateDataBase\Debug\link.1968.write.1.tlog
C:\Users\Administrator\Documents\Visual Studio 2010\Projects\GS_UpdateDataBase\GS_UpdateDataBase\Debug\link.1968-cvtres.read.1.tlog
C:\Users\Administrator\Documents\Visual Studio 2010\Projects\GS_UpdateDataBase\GS_UpdateDataBase\Debug\link.1968-cvtres.write.1.tlog
C:\Users\Administrator\Documents\Visual Studio 2010\Projects\GS_UpdateDataBase\GS_UpdateDataBase\Debug\link.1992.read.1.tlog
C:\Users\Administrator\Documents\Visual Studio 2010\Projects\GS_UpdateDataBase\GS_UpdateDataBase\Debug\link.1992.write.1.tlog
C:\Users\Administrator\Documents\Visual Studio 2010\Projects\GS_UpdateDataBase\GS_UpdateDataBase\Debug\link.1992-cvtres.read.1.tlog
C:\Users\Administrator\Documents\Visual Studio 2010\Projects\GS_UpdateDataBase\GS_UpdateDataBase\Debug\link.1992-cvtres.write.1.tlog
C:\Users\Administrator\Documents\Visual Studio 2010\Projects\GS_UpdateDataBase\GS_UpdateDataBase\Debug\link.2080.read.1.tlog
C:\Users\Administrator\Documents\Visual Studio 2010\Projects\GS_UpdateDataBase\GS_UpdateDataBase\Debug\link.2080.write.1.tlog
C:\Users\Administrator\Documents\Visual Studio 2010\Projects\GS_UpdateDataBase\GS_UpdateDataBase\Debug\link.2080-cvtres.read.1.tlog
C:\Users\Administrator\Documents\Visual Studio 2010\Projects\GS_UpdateDataBase\GS_UpdateDataBase\Debug\link.2080-cvtres.write.1.tlog
C:\Users\Administrator\Documents\Visual Studio 2010\Projects\GS_UpdateDataBase\GS_UpdateDataBase\Debug\link.2196.read.1.tlog
C:\Users\Administrator\Documents\Visual Studio 2010\Projects\GS_UpdateDataBase\GS_UpdateDataBase\Debug\link.2196.write.1.tlog
C:\Users\Administrator\Documents\Visual Studio 2010\Projects\GS_UpdateDataBase\GS_UpdateDataBase\Debug\link.2196-cvtres.read.1.tlog
C:\Users\Administrator\Documents\Visual Studio 2010\Projects\GS_UpdateDataBase\GS_UpdateDataBase\Debug\link.2196-cvtres.write.1.tlog
C:\Users\Administrator\Documents\Visual Studio 2010\Projects\GS_UpdateDataBase\GS_UpdateDataBase\Debug\link.2212.read.1.tlog
C:\Users\Administrator\Documents\Visual Studio 2010\Projects\GS_UpdateDataBase\GS_UpdateDataBase\Debug\link.2212.write.1.tlog
C:\Users\Administrator\Documents\Visual Studio 2010\Projects\GS_UpdateDataBase\GS_UpdateDataBase\Debug\link.2212-cvtres.read.1.tlog
C:\Users\Administrator\Documents\Visual Studio 2010\Projects\GS_UpdateDataBase\GS_UpdateDataBase\Debug\link.2212-cvtres.write.1.tlog
C:\Users\Administrator\Documents\Visual Studio 2010\Projects\GS_UpdateDataBase\GS_UpdateDataBase\Debug\link.2328.read.1.tlog
C:\Users\Administrator\Documents\Visual Studio 2010\Projects\GS_UpdateDataBase\GS_UpdateDataBase\Debug\link.2328.write.1.tlog
C:\Users\Administrator\Documents\Visual Studio 2010\Projects\GS_UpdateDataBase\GS_UpdateDataBase\Debug\link.2328-cvtres.read.1.tlog
C:\Users\Administrator\Documents\Visual Studio 2010\Projects\GS_UpdateDataBase\GS_UpdateDataBase\Debug\link.2328-cvtres.write.1.tlog
C:\Users\Administrator\Documents\Visual Studio 2010\Projects\GS_UpdateDataBase\GS_UpdateDataBase\Debug\link.236.read.1.tlog
C:\Users\Administrator\Documents\Visual Studio 2010\Projects\GS_UpdateDataBase\GS_UpdateDataBase\Debug\link.236.write.1.tlog
C:\Users\Administrator\Documents\Visual Studio 2010\Projects\GS_UpdateDataBase\GS_UpdateDataBase\Debug\link.236-cvtres.read.1.tlog
C:\Users\Administrator\Documents\Visual Studio 2010\Projects\GS_UpdateDataBase\GS_UpdateDataBase\Debug\link.236-cvtres.write.1.tlog
C:\Users\Administrator\Documents\Visual Studio 2010\Projects\GS_UpdateDataBase\GS_UpdateDataBase\Debug\link.248.read.1.tlog
C:\Users\Administrator\Documents\Visual Studio 2010\Projects\GS_UpdateDataBase\GS_UpdateDataBase\Debug\link.248.write.1.tlog
C:\Users\Administrator\Documents\Visual Studio 2010\Projects\GS_UpdateDataBase\GS_UpdateDataBase\Debug\link.248-cvtres.read.1.tlog
C:\Users\Administrator\Documents\Visual Studio 2010\Projects\GS_UpdateDataBase\GS_UpdateDataBase\Debug\link.248-cvtres.write.1.tlog
C:\Users\Administrator\Documents\Visual Studio 2010\Projects\GS_UpdateDataBase\GS_UpdateDataBase\Debug\link.2572.read.1.tlog
C:\Users\Administrator\Documents\Visual Studio 2010\Projects\GS_UpdateDataBase\GS_UpdateDataBase\Debug\link.2572.write.1.tlog
C:\Users\Administrator\Documents\Visual Studio 2010\Projects\GS_UpdateDataBase\GS_UpdateDataBase\Debug\link.2572-cvtres.read.1.tlog
C:\Users\Administrator\Documents\Visual Studio 2010\Projects\GS_UpdateDataBase\GS_UpdateDataBase\Debug\link.2572-cvtres.write.1.tlog
C:\Users\Administrator\Documents\Visual Studio 2010\Projects\GS_UpdateDataBase\GS_UpdateDataBase\Debug\link.2684.read.1.tlog
C:\Users\Administrator\Documents\Visual Studio 2010\Projects\GS_UpdateDataBase\GS_UpdateDataBase\Debug\link.2684.write.1.tlog
C:\Users\Administrator\Documents\Visual Studio 2010\Projects\GS_UpdateDataBase\GS_UpdateDataBase\Debug\link.2684-cvtres.read.1.tlog
C:\Users\Administrator\Documents\Visual Studio 2010\Projects\GS_UpdateDataBase\GS_UpdateDataBase\Debug\link.2684-cvtres.write.1.tlog
C:\Users\Administrator\Documents\Visual Studio 2010\Projects\GS_UpdateDataBase\GS_UpdateDataBase\Debug\link.2872.read.1.tlog
C:\Users\Administrator\Documents\Visual Studio 2010\Projects\GS_UpdateDataBase\GS_UpdateDataBase\Debug\link.2872.write.1.tlog
C:\Users\Administrator\Documents\Visual Studio 2010\Projects\GS_UpdateDataBase\GS_UpdateDataBase\Debug\link.2872-cvtres.read.1.tlog
C:\Users\Administrator\Documents\Visual Studio 2010\Projects\GS_UpdateDataBase\GS_UpdateDataBase\Debug\link.2872-cvtres.write.1.tlog
C:\Users\Administrator\Documents\Visual Studio 2010\Projects\GS_UpdateDataBase\GS_UpdateDataBase\Debug\link.2892.read.1.tlog
C:\Users\Administrator\Documents\Visual Studio 2010\Projects\GS_UpdateDataBase\GS_UpdateDataBase\Debug\link.2892.write.1.tlog
C:\Users\Administrator\Documents\Visual Studio 2010\Projects\GS_UpdateDataBase\GS_UpdateDataBase\Debug\link.2892-cvtres.read.1.tlog
C:\Users\Administrator\Documents\Visual Studio 2010\Projects\GS_UpdateDataBase\GS_UpdateDataBase\Debug\link.2892-cvtres.write.1.tlog
C:\Users\Administrator\Documents\Visual Studio 2010\Projects\GS_UpdateDataBase\GS_UpdateDataBase\Debug\link.2896.read.1.tlog
C:\Users\Administrator\Documents\Visual Studio 2010\Projects\GS_UpdateDataBase\GS_UpdateDataBase\Debug\link.2896.write.1.tlog
C:\Users\Administrator\Documents\Visual Studio 2010\Projects\GS_UpdateDataBase\GS_UpdateDataBase\Debug\link.2896-cvtres.read.1.tlog
C:\Users\Administrator\Documents\Visual Studio 2010\Projects\GS_UpdateDataBase\GS_UpdateDataBase\Debug\link.2896-cvtres.write.1.tlog
C:\Users\Administrator\Documents\Visual Studio 2010\Projects\GS_UpdateDataBase\GS_UpdateDataBase\Debug\link.2940.read.1.tlog
C:\Users\Administrator\Documents\Visual Studio 2010\Projects\GS_UpdateDataBase\GS_UpdateDataBase\Debug\link.2940.write.1.tlog
C:\Users\Administrator\Documents\Visual Studio 2010\Projects\GS_UpdateDataBase\GS_UpdateDataBase\Debug\link.2940-cvtres.read.1.tlog
C:\Users\Administrator\Documents\Visual Studio 2010\Projects\GS_UpdateDataBase\GS_UpdateDataBase\Debug\link.2940-cvtres.write.1.tlog
C:\Users\Administrator\Documents\Visual Studio 2010\Projects\GS_UpdateDataBase\GS_UpdateDataBase\Debug\link.312.read.1.tlog
C:\Users\Administrator\Documents\Visual Studio 2010\Projects\GS_UpdateDataBase\GS_UpdateDataBase\Debug\link.312.write.1.tlog
C:\Users\Administrator\Documents\Visual Studio 2010\Projects\GS_UpdateDataBase\GS_UpdateDataBase\Debug\link.312-cvtres.read.1.tlog
C:\Users\Administrator\Documents\Visual Studio 2010\Projects\GS_UpdateDataBase\GS_UpdateDataBase\Debug\link.312-cvtres.write.1.tlog
C:\Users\Administrator\Documents\Visual Studio 2010\Projects\GS_UpdateDataBase\GS_UpdateDataBase\Debug\link.3524.read.1.tlog
C:\Users\Administrator\Documents\Visual Studio 2010\Projects\GS_UpdateDataBase\GS_UpdateDataBase\Debug\link.3524.write.1.tlog
C:\Users\Administrator\Documents\Visual Studio 2010\Projects\GS_UpdateDataBase\GS_UpdateDataBase\Debug\link.3524-cvtres.read.1.tlog
C:\Users\Administrator\Documents\Visual Studio 2010\Projects\GS_UpdateDataBase\GS_UpdateDataBase\Debug\link.3524-cvtres.write.1.tlog
C:\Users\Administrator\Documents\Visual Studio 2010\Projects\GS_UpdateDataBase\GS_UpdateDataBase\Debug\link.3696.read.1.tlog
C:\Users\Administrator\Documents\Visual Studio 2010\Projects\GS_UpdateDataBase\GS_UpdateDataBase\Debug\link.3696.write.1.tlog
C:\Users\Administrator\Documents\Visual Studio 2010\Projects\GS_UpdateDataBase\GS_UpdateDataBase\Debug\link.3696-cvtres.read.1.tlog
C:\Users\Administrator\Documents\Visual Studio 2010\Projects\GS_UpdateDataBase\GS_UpdateDataBase\Debug\link.3696-cvtres.write.1.tlog
C:\Users\Administrator\Documents\Visual Studio 2010\Projects\GS_UpdateDataBase\GS_UpdateDataBase\Debug\link.3932.read.1.tlog
C:\Users\Administrator\Documents\Visual Studio 2010\Projects\GS_UpdateDataBase\GS_UpdateDataBase\Debug\link.3932.write.1.tlog
C:\Users\Administrator\Documents\Visual Studio 2010\Projects\GS_UpdateDataBase\GS_UpdateDataBase\Debug\link.3932-cvtres.read.1.tlog
C:\Users\Administrator\Documents\Visual Studio 2010\Projects\GS_UpdateDataBase\GS_UpdateDataBase\Debug\link.3932-cvtres.write.1.tlog
C:\Users\Administrator\Documents\Visual Studio 2010\Projects\GS_UpdateDataBase\GS_UpdateDataBase\Debug\link.3972.read.1.tlog
C:\Users\Administrator\Documents\Visual Studio 2010\Projects\GS_UpdateDataBase\GS_UpdateDataBase\Debug\link.3972.write.1.tlog
C:\Users\Administrator\Documents\Visual Studio 2010\Projects\GS_UpdateDataBase\GS_UpdateDataBase\Debug\link.3972-cvtres.read.1.tlog
C:\Users\Administrator\Documents\Visual Studio 2010\Projects\GS_UpdateDataBase\GS_UpdateDataBase\Debug\link.3972-cvtres.write.1.tlog
C:\Users\Administrator\Documents\Visual Studio 2010\Projects\GS_UpdateDataBase\GS_UpdateDataBase\Debug\link.4000.read.1.tlog
C:\Users\Administrator\Documents\Visual Studio 2010\Projects\GS_UpdateDataBase\GS_UpdateDataBase\Debug\link.4000.write.1.tlog
C:\Users\Administrator\Documents\Visual Studio 2010\Projects\GS_UpdateDataBase\GS_UpdateDataBase\Debug\link.4000-cvtres.read.1.tlog
C:\Users\Administrator\Documents\Visual Studio 2010\Projects\GS_UpdateDataBase\GS_UpdateDataBase\Debug\link.4000-cvtres.write.1.tlog
C:\Users\Administrator\Documents\Visual Studio 2010\Projects\GS_UpdateDataBase\GS_UpdateDataBase\Debug\link.4216.read.1.tlog
C:\Users\Administrator\Documents\Visual Studio 2010\Projects\GS_UpdateDataBase\GS_UpdateDataBase\Debug\link.4216.write.1.tlog
C:\Users\Administrator\Documents\Visual Studio 2010\Projects\GS_UpdateDataBase\GS_UpdateDataBase\Debug\link.4216-cvtres.read.1.tlog
C:\Users\Administrator\Documents\Visual Studio 2010\Projects\GS_UpdateDataBase\GS_UpdateDataBase\Debug\link.4216-cvtres.write.1.tlog
C:\Users\Administrator\Documents\Visual Studio 2010\Projects\GS_UpdateDataBase\GS_UpdateDataBase\Debug\link.4372.read.1.tlog
C:\Users\Administrator\Documents\Visual Studio 2010\Projects\GS_UpdateDataBase\GS_UpdateDataBase\Debug\link.4372.write.1.tlog
C:\Users\Administrator\Documents\Visual Studio 2010\Projects\GS_UpdateDataBase\GS_UpdateDataBase\Debug\link.4372-cvtres.read.1.tlog
C:\Users\Administrator\Documents\Visual Studio 2010\Projects\GS_UpdateDataBase\GS_UpdateDataBase\Debug\link.4372-cvtres.write.1.tlog
C:\Users\Administrator\Documents\Visual Studio 2010\Projects\GS_UpdateDataBase\GS_UpdateDataBase\Debug\link.4392.read.1.tlog
C:\Users\Administrator\Documents\Visual Studio 2010\Projects\GS_UpdateDataBase\GS_UpdateDataBase\Debug\link.4392.write.1.tlog
C:\Users\Administrator\Documents\Visual Studio 2010\Projects\GS_UpdateDataBase\GS_UpdateDataBase\Debug\link.4392-cvtres.read.1.tlog
C:\Users\Administrator\Documents\Visual Studio 2010\Projects\GS_UpdateDataBase\GS_UpdateDataBase\Debug\link.4392-cvtres.write.1.tlog
C:\Users\Administrator\Documents\Visual Studio 2010\Projects\GS_UpdateDataBase\GS_UpdateDataBase\Debug\link.4540.read.1.tlog
C:\Users\Administrator\Documents\Visual Studio 2010\Projects\GS_UpdateDataBase\GS_UpdateDataBase\Debug\link.4540.write.1.tlog
C:\Users\Administrator\Documents\Visual Studio 2010\Projects\GS_UpdateDataBase\GS_UpdateDataBase\Debug\link.4540-cvtres.read.1.tlog
C:\Users\Administrator\Documents\Visual Studio 2010\Projects\GS_UpdateDataBase\GS_UpdateDataBase\Debug\link.4540-cvtres.write.1.tlog
C:\Users\Administrator\Documents\Visual Studio 2010\Projects\GS_UpdateDataBase\GS_UpdateDataBase\Debug\link.4640.read.1.tlog
C:\Users\Administrator\Documents\Visual Studio 2010\Projects\GS_UpdateDataBase\GS_UpdateDataBase\Debug\link.4640.write.1.tlog
C:\Users\Administrator\Documents\Visual Studio 2010\Projects\GS_UpdateDataBase\GS_UpdateDataBase\Debug\link.4640-cvtres.read.1.tlog
C:\Users\Administrator\Documents\Visual Studio 2010\Projects\GS_UpdateDataBase\GS_UpdateDataBase\Debug\link.4640-cvtres.write.1.tlog
C:\Users\Administrator\Documents\Visual Studio 2010\Projects\GS_UpdateDataBase\GS_UpdateDataBase\Debug\link.4796.read.1.tlog
C:\Users\Administrator\Documents\Visual Studio 2010\Projects\GS_UpdateDataBase\GS_UpdateDataBase\Debug\link.4796.write.1.tlog
C:\Users\Administrator\Documents\Visual Studio 2010\Projects\GS_UpdateDataBase\GS_UpdateDataBase\Debug\link.4796-cvtres.read.1.tlog
C:\Users\Administrator\Documents\Visual Studio 2010\Projects\GS_UpdateDataBase\GS_UpdateDataBase\Debug\link.4796-cvtres.write.1.tlog
C:\Users\Administrator\Documents\Visual Studio 2010\Projects\GS_UpdateDataBase\GS_UpdateDataBase\Debug\link.488.read.1.tlog
C:\Users\Administrator\Documents\Visual Studio 2010\Projects\GS_UpdateDataBase\GS_UpdateDataBase\Debug\link.488.write.1.tlog
C:\Users\Administrator\Documents\Visual Studio 2010\Projects\GS_UpdateDataBase\GS_UpdateDataBase\Debug\link.488-cvtres.read.1.tlog
C:\Users\Administrator\Documents\Visual Studio 2010\Projects\GS_UpdateDataBase\GS_UpdateDataBase\Debug\link.488-cvtres.write.1.tlog
C:\Users\Administrator\Documents\Visual Studio 2010\Projects\GS_UpdateDataBase\GS_UpdateDataBase\Debug\link.5188.read.1.tlog
C:\Users\Administrator\Documents\Visual Studio 2010\Projects\GS_UpdateDataBase\GS_UpdateDataBase\Debug\link.5188.write.1.tlog
C:\Users\Administrator\Documents\Visual Studio 2010\Projects\GS_UpdateDataBase\GS_UpdateDataBase\Debug\link.5188-cvtres.read.1.tlog
C:\Users\Administrator\Documents\Visual Studio 2010\Projects\GS_UpdateDataBase\GS_UpdateDataBase\Debug\link.5188-cvtres.write.1.tlog
C:\Users\Administrator\Documents\Visual Studio 2010\Projects\GS_UpdateDataBase\GS_UpdateDataBase\Debug\link.5288.read.1.tlog
C:\Users\Administrator\Documents\Visual Studio 2010\Projects\GS_UpdateDataBase\GS_UpdateDataBase\Debug\link.5288.write.1.tlog
C:\Users\Administrator\Documents\Visual Studio 2010\Projects\GS_UpdateDataBase\GS_UpdateDataBase\Debug\link.5288-cvtres.read.1.tlog
C:\Users\Administrator\Documents\Visual Studio 2010\Projects\GS_UpdateDataBase\GS_UpdateDataBase\Debug\link.5288-cvtres.write.1.tlog
C:\Users\Administrator\Documents\Visual Studio 2010\Projects\GS_UpdateDataBase\GS_UpdateDataBase\Debug\link.5352.read.1.tlog
C:\Users\Administrator\Documents\Visual Studio 2010\Projects\GS_UpdateDataBase\GS_UpdateDataBase\Debug\link.5352.write.1.tlog
C:\Users\Administrator\Documents\Visual Studio 2010\Projects\GS_UpdateDataBase\GS_UpdateDataBase\Debug\link.5352-cvtres.read.1.tlog
C:\Users\Administrator\Documents\Visual Studio 2010\Projects\GS_UpdateDataBase\GS_UpdateDataBase\Debug\link.5352-cvtres.write.1.tlog
C:\Users\Administrator\Documents\Visual Studio 2010\Projects\GS_UpdateDataBase\GS_UpdateDataBase\Debug\link.5500.read.1.tlog
C:\Users\Administrator\Documents\Visual Studio 2010\Projects\GS_UpdateDataBase\GS_UpdateDataBase\Debug\link.5500.write.1.tlog
C:\Users\Administrator\Documents\Visual Studio 2010\Projects\GS_UpdateDataBase\GS_UpdateDataBase\Debug\link.5500-cvtres.read.1.tlog
C:\Users\Administrator\Documents\Visual Studio 2010\Projects\GS_UpdateDataBase\GS_UpdateDataBase\Debug\link.5500-cvtres.write.1.tlog
C:\Users\Administrator\Documents\Visual Studio 2010\Projects\GS_UpdateDataBase\GS_UpdateDataBase\Debug\link.5508.read.1.tlog
C:\Users\Administrator\Documents\Visual Studio 2010\Projects\GS_UpdateDataBase\GS_UpdateDataBase\Debug\link.5508.write.1.tlog
C:\Users\Administrator\Documents\Visual Studio 2010\Projects\GS_UpdateDataBase\GS_UpdateDataBase\Debug\link.5508-cvtres.read.1.tlog
C:\Users\Administrator\Documents\Visual Studio 2010\Projects\GS_UpdateDataBase\GS_UpdateDataBase\Debug\link.5508-cvtres.write.1.tlog
C:\Users\Administrator\Documents\Visual Studio 2010\Projects\GS_UpdateDataBase\GS_UpdateDataBase\Debug\link.5580.read.1.tlog
C:\Users\Administrator\Documents\Visual Studio 2010\Projects\GS_UpdateDataBase\GS_UpdateDataBase\Debug\link.5580.write.1.tlog
C:\Users\Administrator\Documents\Visual Studio 2010\Projects\GS_UpdateDataBase\GS_UpdateDataBase\Debug\link.5580-cvtres.read.1.tlog
C:\Users\Administrator\Documents\Visual Studio 2010\Projects\GS_UpdateDataBase\GS_UpdateDataBase\Debug\link.5580-cvtres.write.1.tlog
C:\Users\Administrator\Documents\Visual Studio 2010\Projects\GS_UpdateDataBase\GS_UpdateDataBase\Debug\link.5644.read.1.tlog
C:\Users\Administrator\Documents\Visual Studio 2010\Projects\GS_UpdateDataBase\GS_UpdateDataBase\Debug\link.5644.write.1.tlog
C:\Users\Administrator\Documents\Visual Studio 2010\Projects\GS_UpdateDataBase\GS_UpdateDataBase\Debug\link.5644-cvtres.read.1.tlog
C:\Users\Administrator\Documents\Visual Studio 2010\Projects\GS_UpdateDataBase\GS_UpdateDataBase\Debug\link.5644-cvtres.write.1.tlog
C:\Users\Administrator\Documents\Visual Studio 2010\Projects\GS_UpdateDataBase\GS_UpdateDataBase\Debug\link.5756.read.1.tlog
C:\Users\Administrator\Documents\Visual Studio 2010\Projects\GS_UpdateDataBase\GS_UpdateDataBase\Debug\link.5756.write.1.tlog
C:\Users\Administrator\Documents\Visual Studio 2010\Projects\GS_UpdateDataBase\GS_UpdateDataBase\Debug\link.5756-cvtres.read.1.tlog
C:\Users\Administrator\Documents\Visual Studio 2010\Projects\GS_UpdateDataBase\GS_UpdateDataBase\Debug\link.5756-cvtres.write.1.tlog
C:\Users\Administrator\Documents\Visual Studio 2010\Projects\GS_UpdateDataBase\GS_UpdateDataBase\Debug\link.5820.read.1.tlog
C:\Users\Administrator\Documents\Visual Studio 2010\Projects\GS_UpdateDataBase\GS_UpdateDataBase\Debug\link.5820.write.1.tlog
C:\Users\Administrator\Documents\Visual Studio 2010\Projects\GS_UpdateDataBase\GS_UpdateDataBase\Debug\link.5820-cvtres.read.1.tlog
C:\Users\Administrator\Documents\Visual Studio 2010\Projects\GS_UpdateDataBase\GS_UpdateDataBase\Debug\link.5820-cvtres.write.1.tlog
C:\Users\Administrator\Documents\Visual Studio 2010\Projects\GS_UpdateDataBase\GS_UpdateDataBase\Debug\link.5868.read.1.tlog
C:\Users\Administrator\Documents\Visual Studio 2010\Projects\GS_UpdateDataBase\GS_UpdateDataBase\Debug\link.5868.write.1.tlog
C:\Users\Administrator\Documents\Visual Studio 2010\Projects\GS_UpdateDataBase\GS_UpdateDataBase\Debug\link.5868-cvtres.read.1.tlog
C:\Users\Administrator\Documents\Visual Studio 2010\Projects\GS_UpdateDataBase\GS_UpdateDataBase\Debug\link.5868-cvtres.write.1.tlog
C:\Users\Administrator\Documents\Visual Studio 2010\Projects\GS_UpdateDataBase\GS_UpdateDataBase\Debug\link.5892.read.1.tlog
C:\Users\Administrator\Documents\Visual Studio 2010\Projects\GS_UpdateDataBase\GS_UpdateDataBase\Debug\link.5892.write.1.tlog
C:\Users\Administrator\Documents\Visual Studio 2010\Projects\GS_UpdateDataBase\GS_UpdateDataBase\Debug\link.5892-cvtres.read.1.tlog
C:\Users\Administrator\Documents\Visual Studio 2010\Projects\GS_UpdateDataBase\GS_UpdateDataBase\Debug\link.5892-cvtres.write.1.tlog
C:\Users\Administrator\Documents\Visual Studio 2010\Projects\GS_UpdateDataBase\GS_UpdateDataBase\Debug\link.5908.read.1.tlog
C:\Users\Administrator\Documents\Visual Studio 2010\Projects\GS_UpdateDataBase\GS_UpdateDataBase\Debug\link.5908.write.1.tlog
C:\Users\Administrator\Documents\Visual Studio 2010\Projects\GS_UpdateDataBase\GS_UpdateDataBase\Debug\link.5908-cvtres.read.1.tlog
C:\Users\Administrator\Documents\Visual Studio 2010\Projects\GS_UpdateDataBase\GS_UpdateDataBase\Debug\link.5908-cvtres.write.1.tlog
C:\Users\Administrator\Documents\Visual Studio 2010\Projects\GS_UpdateDataBase\GS_UpdateDataBase\Debug\link.6024.read.1.tlog
C:\Users\Administrator\Documents\Visual Studio 2010\Projects\GS_UpdateDataBase\GS_UpdateDataBase\Debug\link.6024.write.1.tlog
C:\Users\Administrator\Documents\Visual Studio 2010\Projects\GS_UpdateDataBase\GS_UpdateDataBase\Debug\link.6024-cvtres.read.1.tlog
C:\Users\Administrator\Documents\Visual Studio 2010\Projects\GS_UpdateDataBase\GS_UpdateDataBase\Debug\link.6024-cvtres.write.1.tlog
C:\Users\Administrator\Documents\Visual Studio 2010\Projects\GS_UpdateDataBase\GS_UpdateDataBase\Debug\link.6028.read.1.tlog
C:\Users\Administrator\Documents\Visual Studio 2010\Projects\GS_UpdateDataBase\GS_UpdateDataBase\Debug\link.6028.write.1.tlog
C:\Users\Administrator\Documents\Visual Studio 2010\Projects\GS_UpdateDataBase\GS_UpdateDataBase\Debug\link.6028-cvtres.read.1.tlog
C:\Users\Administrator\Documents\Visual Studio 2010\Projects\GS_UpdateDataBase\GS_UpdateDataBase\Debug\link.6028-cvtres.write.1.tlog
C:\Users\Administrator\Documents\Visual Studio 2010\Projects\GS_UpdateDataBase\GS_UpdateDataBase\Debug\link.6164.read.1.tlog
C:\Users\Administrator\Documents\Visual Studio 2010\Projects\GS_UpdateDataBase\GS_UpdateDataBase\Debug\link.6164.write.1.tlog
C:\Users\Administrator\Documents\Visual Studio 2010\Projects\GS_UpdateDataBase\GS_UpdateDataBase\Debug\link.6164-cvtres.read.1.tlog
C:\Users\Administrator\Documents\Visual Studio 2010\Projects\GS_UpdateDataBase\GS_UpdateDataBase\Debug\link.6164-cvtres.write.1.tlog
C:\Users\Administrator\Documents\Visual Studio 2010\Projects\GS_UpdateDataBase\GS_UpdateDataBase\Debug\link.6188.read.1.tlog
C:\Users\Administrator\Documents\Visual Studio 2010\Projects\GS_UpdateDataBase\GS_UpdateDataBase\Debug\link.6188.write.1.tlog
C:\Users\Administrator\Documents\Visual Studio 2010\Projects\GS_UpdateDataBase\GS_UpdateDataBase\Debug\link.6188-cvtres.read.1.tlog
C:\Users\Administrator\Documents\Visual Studio 2010\Projects\GS_UpdateDataBase\GS_UpdateDataBase\Debug\link.6188-cvtres.write.1.tlog
C:\Users\Administrator\Documents\Visual Studio 2010\Projects\GS_UpdateDataBase\GS_UpdateDataBase\Debug\link.6204.read.1.tlog
C:\Users\Administrator\Documents\Visual Studio 2010\Projects\GS_UpdateDataBase\GS_UpdateDataBase\Debug\link.6204.write.1.tlog
C:\Users\Administrator\Documents\Visual Studio 2010\Projects\GS_UpdateDataBase\GS_UpdateDataBase\Debug\link.6204-cvtres.read.1.tlog
C:\Users\Administrator\Documents\Visual Studio 2010\Projects\GS_UpdateDataBase\GS_UpdateDataBase\Debug\link.6204-cvtres.write.1.tlog
C:\Users\Administrator\Documents\Visual Studio 2010\Projects\GS_UpdateDataBase\GS_UpdateDataBase\Debug\link.6272.read.1.tlog
C:\Users\Administrator\Documents\Visual Studio 2010\Projects\GS_UpdateDataBase\GS_UpdateDataBase\Debug\link.6272.write.1.tlog
C:\Users\Administrator\Documents\Visual Studio 2010\Projects\GS_UpdateDataBase\GS_UpdateDataBase\Debug\link.6272-cvtres.read.1.tlog
C:\Users\Administrator\Documents\Visual Studio 2010\Projects\GS_UpdateDataBase\GS_UpdateDataBase\Debug\link.6272-cvtres.write.1.tlog
C:\Users\Administrator\Documents\Visual Studio 2010\Projects\GS_UpdateDataBase\GS_UpdateDataBase\Debug\link.6400.read.1.tlog
C:\Users\Administrator\Documents\Visual Studio 2010\Projects\GS_UpdateDataBase\GS_UpdateDataBase\Debug\link.6400.write.1.tlog
C:\Users\Administrator\Documents\Visual Studio 2010\Projects\GS_UpdateDataBase\GS_UpdateDataBase\Debug\link.6400-cvtres.read.1.tlog
C:\Users\Administrator\Documents\Visual Studio 2010\Projects\GS_UpdateDataBase\GS_UpdateDataBase\Debug\link.6400-cvtres.write.1.tlog
C:\Users\Administrator\Documents\Visual Studio 2010\Projects\GS_UpdateDataBase\GS_UpdateDataBase\Debug\link.6428.read.1.tlog
C:\Users\Administrator\Documents\Visual Studio 2010\Projects\GS_UpdateDataBase\GS_UpdateDataBase\Debug\link.6428.write.1.tlog
C:\Users\Administrator\Documents\Visual Studio 2010\Projects\GS_UpdateDataBase\GS_UpdateDataBase\Debug\link.6428-cvtres.read.1.tlog
C:\Users\Administrator\Documents\Visual Studio 2010\Projects\GS_UpdateDataBase\GS_UpdateDataBase\Debug\link.6428-cvtres.write.1.tlog
C:\Users\Administrator\Documents\Visual Studio 2010\Projects\GS_UpdateDataBase\GS_UpdateDataBase\Debug\link.644.read.1.tlog
C:\Users\Administrator\Documents\Visual Studio 2010\Projects\GS_UpdateDataBase\GS_UpdateDataBase\Debug\link.644.write.1.tlog
C:\Users\Administrator\Documents\Visual Studio 2010\Projects\GS_UpdateDataBase\GS_UpdateDataBase\Debug\link.644-cvtres.read.1.tlog
C:\Users\Administrator\Documents\Visual Studio 2010\Projects\GS_UpdateDataBase\GS_UpdateDataBase\Debug\link.644-cvtres.write.1.tlog
C:\Users\Administrator\Documents\Visual Studio 2010\Projects\GS_UpdateDataBase\GS_UpdateDataBase\Debug\link.6536.read.1.tlog
C:\Users\Administrator\Documents\Visual Studio 2010\Projects\GS_UpdateDataBase\GS_UpdateDataBase\Debug\link.6536.write.1.tlog
C:\Users\Administrator\Documents\Visual Studio 2010\Projects\GS_UpdateDataBase\GS_UpdateDataBase\Debug\link.6536-cvtres.read.1.tlog
C:\Users\Administrator\Documents\Visual Studio 2010\Projects\GS_UpdateDataBase\GS_UpdateDataBase\Debug\link.6536-cvtres.write.1.tlog
C:\Users\Administrator\Documents\Visual Studio 2010\Projects\GS_UpdateDataBase\GS_UpdateDataBase\Debug\link.6540.read.1.tlog
C:\Users\Administrator\Documents\Visual Studio 2010\Projects\GS_UpdateDataBase\GS_UpdateDataBase\Debug\link.6540.write.1.tlog
C:\Users\Administrator\Documents\Visual Studio 2010\Projects\GS_UpdateDataBase\GS_UpdateDataBase\Debug\link.6540-cvtres.read.1.tlog
C:\Users\Administrator\Documents\Visual Studio 2010\Projects\GS_UpdateDataBase\GS_UpdateDataBase\Debug\link.6540-cvtres.write.1.tlog
C:\Users\Administrator\Documents\Visual Studio 2010\Projects\GS_UpdateDataBase\GS_UpdateDataBase\Debug\link.6560.read.1.tlog
C:\Users\Administrator\Documents\Visual Studio 2010\Projects\GS_UpdateDataBase\GS_UpdateDataBase\Debug\link.6560.write.1.tlog
C:\Users\Administrator\Documents\Visual Studio 2010\Projects\GS_UpdateDataBase\GS_UpdateDataBase\Debug\link.6560-cvtres.read.1.tlog
C:\Users\Administrator\Documents\Visual Studio 2010\Projects\GS_UpdateDataBase\GS_UpdateDataBase\Debug\link.6560-cvtres.write.1.tlog
C:\Users\Administrator\Documents\Visual Studio 2010\Projects\GS_UpdateDataBase\GS_UpdateDataBase\Debug\link.6644.read.1.tlog
C:\Users\Administrator\Documents\Visual Studio 2010\Projects\GS_UpdateDataBase\GS_UpdateDataBase\Debug\link.6644.write.1.tlog
C:\Users\Administrator\Documents\Visual Studio 2010\Projects\GS_UpdateDataBase\GS_UpdateDataBase\Debug\link.6644-cvtres.read.1.tlog
C:\Users\Administrator\Documents\Visual Studio 2010\Projects\GS_UpdateDataBase\GS_UpdateDataBase\Debug\link.6644-cvtres.write.1.tlog
C:\Users\Administrator\Documents\Visual Studio 2010\Projects\GS_UpdateDataBase\GS_UpdateDataBase\Debug\link.6740.read.1.tlog
C:\Users\Administrator\Documents\Visual Studio 2010\Projects\GS_UpdateDataBase\GS_UpdateDataBase\Debug\link.6740.write.1.tlog
C:\Users\Administrator\Documents\Visual Studio 2010\Projects\GS_UpdateDataBase\GS_UpdateDataBase\Debug\link.6740-cvtres.read.1.tlog
C:\Users\Administrator\Documents\Visual Studio 2010\Projects\GS_UpdateDataBase\GS_UpdateDataBase\Debug\link.6740-cvtres.write.1.tlog
C:\Users\Administrator\Documents\Visual Studio 2010\Projects\GS_UpdateDataBase\GS_UpdateDataBase\Debug\link.6796.read.1.tlog
C:\Users\Administrator\Documents\Visual Studio 2010\Projects\GS_UpdateDataBase\GS_UpdateDataBase\Debug\link.6796.write.1.tlog
C:\Users\Administrator\Documents\Visual Studio 2010\Projects\GS_UpdateDataBase\GS_UpdateDataBase\Debug\link.6796-cvtres.read.1.tlog
C:\Users\Administrator\Documents\Visual Studio 2010\Projects\GS_UpdateDataBase\GS_UpdateDataBase\Debug\link.6796-cvtres.write.1.tlog
C:\Users\Administrator\Documents\Visual Studio 2010\Projects\GS_UpdateDataBase\GS_UpdateDataBase\Debug\link.6800.read.1.tlog
C:\Users\Administrator\Documents\Visual Studio 2010\Projects\GS_UpdateDataBase\GS_UpdateDataBase\Debug\link.6800.write.1.tlog
C:\Users\Administrator\Documents\Visual Studio 2010\Projects\GS_UpdateDataBase\GS_UpdateDataBase\Debug\link.6800-cvtres.read.1.tlog
C:\Users\Administrator\Documents\Visual Studio 2010\Projects\GS_UpdateDataBase\GS_UpdateDataBase\Debug\link.6800-cvtres.write.1.tlog
C:\Users\Administrator\Documents\Visual Studio 2010\Projects\GS_UpdateDataBase\GS_UpdateDataBase\Debug\link.6844.read.1.tlog
C:\Users\Administrator\Documents\Visual Studio 2010\Projects\GS_UpdateDataBase\GS_UpdateDataBase\Debug\link.6844.write.1.tlog
C:\Users\Administrator\Documents\Visual Studio 2010\Projects\GS_UpdateDataBase\GS_UpdateDataBase\Debug\link.6844-cvtres.read.1.tlog
C:\Users\Administrator\Documents\Visual Studio 2010\Projects\GS_UpdateDataBase\GS_UpdateDataBase\Debug\link.6844-cvtres.write.1.tlog
C:\Users\Administrator\Documents\Visual Studio 2010\Projects\GS_UpdateDataBase\GS_UpdateDataBase\Debug\link.6880.read.1.tlog
C:\Users\Administrator\Documents\Visual Studio 2010\Projects\GS_UpdateDataBase\GS_UpdateDataBase\Debug\link.6880.write.1.tlog
C:\Users\Administrator\Documents\Visual Studio 2010\Projects\GS_UpdateDataBase\GS_UpdateDataBase\Debug\link.6880-cvtres.read.1.tlog
C:\Users\Administrator\Documents\Visual Studio 2010\Projects\GS_UpdateDataBase\GS_UpdateDataBase\Debug\link.6880-cvtres.write.1.tlog
C:\Users\Administrator\Documents\Visual Studio 2010\Projects\GS_UpdateDataBase\GS_UpdateDataBase\Debug\link.6936.read.1.tlog
C:\Users\Administrator\Documents\Visual Studio 2010\Projects\GS_UpdateDataBase\GS_UpdateDataBase\Debug\link.6936.write.1.tlog
C:\Users\Administrator\Documents\Visual Studio 2010\Projects\GS_UpdateDataBase\GS_UpdateDataBase\Debug\link.6936-cvtres.read.1.tlog
C:\Users\Administrator\Documents\Visual Studio 2010\Projects\GS_UpdateDataBase\GS_UpdateDataBase\Debug\link.6936-cvtres.write.1.tlog
C:\Users\Administrator\Documents\Visual Studio 2010\Projects\GS_UpdateDataBase\GS_UpdateDataBase\Debug\link.7064.read.1.tlog
C:\Users\Administrator\Documents\Visual Studio 2010\Projects\GS_UpdateDataBase\GS_UpdateDataBase\Debug\link.7064.write.1.tlog
C:\Users\Administrator\Documents\Visual Studio 2010\Projects\GS_UpdateDataBase\GS_UpdateDataBase\Debug\link.7064-cvtres.read.1.tlog
C:\Users\Administrator\Documents\Visual Studio 2010\Projects\GS_UpdateDataBase\GS_UpdateDataBase\Debug\link.7064-cvtres.write.1.tlog
C:\Users\Administrator\Documents\Visual Studio 2010\Projects\GS_UpdateDataBase\GS_UpdateDataBase\Debug\link.7072.read.1.tlog
C:\Users\Administrator\Documents\Visual Studio 2010\Projects\GS_UpdateDataBase\GS_UpdateDataBase\Debug\link.7072.write.1.tlog
C:\Users\Administrator\Documents\Visual Studio 2010\Projects\GS_UpdateDataBase\GS_UpdateDataBase\Debug\link.7072-cvtres.read.1.tlog
C:\Users\Administrator\Documents\Visual Studio 2010\Projects\GS_UpdateDataBase\GS_UpdateDataBase\Debug\link.7072-cvtres.write.1.tlog
C:\Users\Administrator\Documents\Visual Studio 2010\Projects\GS_UpdateDataBase\GS_UpdateDataBase\Debug\link.7116.read.1.tlog
C:\Users\Administrator\Documents\Visual Studio 2010\Projects\GS_UpdateDataBase\GS_UpdateDataBase\Debug\link.7116.write.1.tlog
C:\Users\Administrator\Documents\Visual Studio 2010\Projects\GS_UpdateDataBase\GS_UpdateDataBase\Debug\link.7116-cvtres.read.1.tlog
C:\Users\Administrator\Documents\Visual Studio 2010\Projects\GS_UpdateDataBase\GS_UpdateDataBase\Debug\link.7116-cvtres.write.1.tlog
C:\Users\Administrator\Documents\Visual Studio 2010\Projects\GS_UpdateDataBase\GS_UpdateDataBase\Debug\link.7128.read.1.tlog
C:\Users\Administrator\Documents\Visual Studio 2010\Projects\GS_UpdateDataBase\GS_UpdateDataBase\Debug\link.7128.write.1.tlog
C:\Users\Administrator\Documents\Visual Studio 2010\Projects\GS_UpdateDataBase\GS_UpdateDataBase\Debug\link.7128-cvtres.read.1.tlog
C:\Users\Administrator\Documents\Visual Studio 2010\Projects\GS_UpdateDataBase\GS_UpdateDataBase\Debug\link.7128-cvtres.write.1.tlog
C:\Users\Administrator\Documents\Visual Studio 2010\Projects\GS_UpdateDataBase\GS_UpdateDataBase\Debug\link.command.1.tlog
C:\Users\Administrator\Documents\Visual Studio 2010\Projects\GS_UpdateDataBase\GS_UpdateDataBase\Debug\link.read.1.tlog
C:\Users\Administrator\Documents\Visual Studio 2010\Projects\GS_UpdateDataBase\GS_UpdateDataBase\Debug\link.write.1.tlog
C:\Users\Administrator\Documents\Visual Studio 2010\Projects\GS_UpdateDataBase\GS_UpdateDataBase\Debug\mt.command.1.tlog
C:\Users\Administrator\Documents\Visual Studio 2010\Projects\GS_UpdateDataBase\GS_UpdateDataBase\Debug\mt.read.1.tlog
C:\Users\Administrator\Documents\Visual Studio 2010\Projects\GS_UpdateDataBase\GS_UpdateDataBase\Debug\mt.write.1.tlog
C:\Users\Administrator\Documents\Visual Studio 2010\Projects\GS_UpdateDataBase\GS_UpdateDataBase\Debug\rc.command.1.tlog
C:\Users\Administrator\Documents\Visual Studio 2010\Projects\GS_UpdateDataBase\GS_UpdateDataBase\Debug\rc.read.1.tlog
C:\Users\Administrator\Documents\Visual Studio 2010\Projects\GS_UpdateDataBase\GS_UpdateDataBase\Debug\rc.write.1.tlog
C:\USERS\ADMINISTRATOR\DOCUMENTS\VISUAL STUDIO 2010\PROJECTS\GS_UPDATEDATABASE\GS_UPDATEDATABASE\DEBUG\STDAFX.OBJ
C:\USERS\ADMINISTRATOR\DOCUMENTS\VISUAL STUDIO 2010\PROJECTS\GS_UPDATEDATABASE\GS_UPDATEDATABASE\DEBUG\VC100.PDB
