e:\users\юрий\documents\visual studio 2015\projects\gs_databaseupdate\gs_databaseupdate\debug\vc140.pdb
e:\users\юрий\documents\visual studio 2015\projects\gs_databaseupdate\gs_databaseupdate\debug\.netframework,version=v4.5.2.assemblyattributes.obj
e:\users\юрий\documents\visual studio 2015\projects\gs_databaseupdate\gs_databaseupdate\debug\.netframework,version=v4.5.2.assemblyattributes.asm
e:\users\юрий\documents\visual studio 2015\projects\gs_databaseupdate\gs_databaseupdate\debug\frmoptions.obj
e:\users\юрий\documents\visual studio 2015\projects\gs_databaseupdate\gs_databaseupdate\debug\frmmain.obj
e:\users\юрий\documents\visual studio 2015\projects\gs_databaseupdate\gs_databaseupdate\debug\gs_databaseupdate.frmmain.resources
e:\users\юрий\documents\visual studio 2015\projects\gs_databaseupdate\gs_databaseupdate\debug\gs_databaseupdate.frmoptions.resources
e:\users\юрий\documents\visual studio 2015\projects\gs_databaseupdate\gs_databaseupdate\debug\gs_databaseupdate.vcxproj.generateresource.cache
e:\users\юрий\documents\visual studio 2015\projects\gs_databaseupdate\gs_databaseupdate\debug\gs_databaseupdate.vcxprojresolveassemblyreference.cache
e:\users\юрий\documents\visual studio 2015\projects\gs_databaseupdate\debug\gs_databaseupdate.pdb
e:\users\юрий\documents\visual studio 2015\projects\gs_databaseupdate\gs_databaseupdate\debug\gs_datab.39958716.tlog\cl.command.1.tlog
e:\users\юрий\documents\visual studio 2015\projects\gs_databaseupdate\gs_databaseupdate\debug\gs_datab.39958716.tlog\cl.read.1.tlog
e:\users\юрий\documents\visual studio 2015\projects\gs_databaseupdate\gs_databaseupdate\debug\gs_datab.39958716.tlog\cl.write.1.tlog
e:\users\юрий\documents\visual studio 2015\projects\gs_databaseupdate\gs_databaseupdate\debug\gs_datab.39958716.tlog\gs_databaseupdate.write.1u.tlog
e:\users\юрий\documents\visual studio 2015\projects\gs_databaseupdate\gs_databaseupdate\debug\gs_datab.39958716.tlog\link.5852-cvtres.read.1.tlog
e:\users\юрий\documents\visual studio 2015\projects\gs_databaseupdate\gs_databaseupdate\debug\gs_datab.39958716.tlog\link.5852-cvtres.write.1.tlog
e:\users\юрий\documents\visual studio 2015\projects\gs_databaseupdate\gs_databaseupdate\debug\gs_datab.39958716.tlog\link.5852-rc.read.1.tlog
e:\users\юрий\documents\visual studio 2015\projects\gs_databaseupdate\gs_databaseupdate\debug\gs_datab.39958716.tlog\link.5852-rc.write.1.tlog
e:\users\юрий\documents\visual studio 2015\projects\gs_databaseupdate\gs_databaseupdate\debug\gs_datab.39958716.tlog\link.5852.read.1.tlog
e:\users\юрий\documents\visual studio 2015\projects\gs_databaseupdate\gs_databaseupdate\debug\gs_datab.39958716.tlog\link.5852.write.1.tlog
e:\users\юрий\documents\visual studio 2015\projects\gs_databaseupdate\gs_databaseupdate\debug\gs_datab.39958716.tlog\link.6896-cvtres.read.1.tlog
e:\users\юрий\documents\visual studio 2015\projects\gs_databaseupdate\gs_databaseupdate\debug\gs_datab.39958716.tlog\link.6896-cvtres.write.1.tlog
e:\users\юрий\documents\visual studio 2015\projects\gs_databaseupdate\gs_databaseupdate\debug\gs_datab.39958716.tlog\link.6896-rc.read.1.tlog
e:\users\юрий\documents\visual studio 2015\projects\gs_databaseupdate\gs_databaseupdate\debug\gs_datab.39958716.tlog\link.6896-rc.write.1.tlog
e:\users\юрий\documents\visual studio 2015\projects\gs_databaseupdate\gs_databaseupdate\debug\gs_datab.39958716.tlog\link.6896.read.1.tlog
e:\users\юрий\documents\visual studio 2015\projects\gs_databaseupdate\gs_databaseupdate\debug\gs_datab.39958716.tlog\link.6896.write.1.tlog
e:\users\юрий\documents\visual studio 2015\projects\gs_databaseupdate\gs_databaseupdate\debug\gs_datab.39958716.tlog\link.command.1.tlog
e:\users\юрий\documents\visual studio 2015\projects\gs_databaseupdate\gs_databaseupdate\debug\gs_datab.39958716.tlog\link.read.1.tlog
e:\users\юрий\documents\visual studio 2015\projects\gs_databaseupdate\gs_databaseupdate\debug\gs_datab.39958716.tlog\link.write.1.tlog
e:\users\юрий\documents\visual studio 2015\projects\gs_databaseupdate\gs_databaseupdate\debug\gs_datab.39958716.tlog\metagen.read.1.tlog
e:\users\юрий\documents\visual studio 2015\projects\gs_databaseupdate\gs_databaseupdate\debug\gs_datab.39958716.tlog\metagen.write.1.tlog
e:\users\юрий\documents\visual studio 2015\projects\gs_databaseupdate\gs_databaseupdate\debug\gs_datab.39958716.tlog\rsaenh.dll.bi
e:\users\юрий\documents\visual studio 2015\projects\gs_databaseupdate\gs_databaseupdate\debug\gs_datab.39958716.tlog\tzres.dll.bi
